This file contains any messages produced by compilers while
running configure, to aid debugging if configure makes a mistake.

It was created by mpfi configure 1.5.4, which was
generated by GNU Autoconf 2.71.  Invocation command line was

  $ ./configure --prefix=/afs/ece.cmu.edu/usr/zhexic/Private/FFT_Mult --with-mpfr=/afs/ece.cmu.edu/usr/zhexic/Private/FFT_Mult

## --------- ##
## Platform. ##
## --------- ##

hostname = ece019.ece.local.cmu.edu
uname -m = x86_64
uname -r = 3.10.0-1062.9.1.el7.x86_64
uname -s = Linux
uname -v = #1 SMP Mon Dec 2 08:31:54 EST 2019

/usr/bin/uname -p = x86_64
/bin/uname -X     = unknown

/bin/arch              = x86_64
/usr/bin/arch -k       = unknown
/usr/convex/getsysinfo = unknown
/usr/bin/hostinfo      = unknown
/bin/machine           = unknown
/usr/bin/oslevel       = unknown
/bin/universe          = unknown

PATH: /afs/ece.cmu.edu/usr/zhexic/.vscode-server/bin/7f329fe6c66b0f86ae1574c2911b681ad5a45d63/bin/remote-cli/
PATH: /usr/lib64/qt-3.3/bin/
PATH: /afs/ece/support/altera/release/16.1.2/quartus/bin/
PATH: /afs/ece.cmu.edu/class/ece344/opt/bin/
PATH: /usr/local/bin/
PATH: /usr/bin/
PATH: /afs/andrew/course/15/122/bin/
PATH: /afs/ece.cmu.edu/class/ece240/bin/
PATH: /afs/ece.cmu.edu/support/synopsys/synopsys.release/T-Foundation/vcs/T-2022.06/bin/
PATH: /syn/T-2022.03-SP2//bin/
PATH: /afs/ece/support/altera/release/16.1.2/quartus/bin/
PATH: /afs/ece.cmu.edu/class/ece240/bin/
PATH: /afs/ece.cmu.edu/support/synopsys/synopsys.release/T-Foundation/vcs/T-2022.06/bin/
PATH: /syn/T-2022.03-SP2//bin/
PATH: /afs/ece/support/altera/release/16.1.2/quartus/bin/
PATH: /usr/local/sbin/
PATH: /usr/sbin/
PATH: /opt/puppetlabs/bin/
PATH: /opt/dell/srvadmin/bin/
PATH: /afs/ece.cmu.edu/class/ece447/bin/
PATH: /afs/ece.cmu.edu/support/synopsys/synopsys.release/vcs-mx_vK-2015.09/bin/
PATH: /afs/ece.cmu.edu/support/synopsys/synopsys.release/syn-vJ-2014.09-SP4/bin/
PATH: /afs/ece.cmu.edu/class/ece447/bin/
PATH: /afs/ece.cmu.edu/support/synopsys/synopsys.release/vcs-mx_vK-2015.09/bin/
PATH: /afs/ece.cmu.edu/support/synopsys/synopsys.release/syn-vJ-2014.09-SP4/bin/


## ----------- ##
## Core tests. ##
## ----------- ##

configure:2474: looking for aux files: config.guess config.sub ltmain.sh ar-lib missing install-sh compile
configure:2487:  trying ./
configure:2516:   ./config.guess found
configure:2516:   ./config.sub found
configure:2516:   ./ltmain.sh found
configure:2516:   ./ar-lib found
configure:2516:   ./missing found
configure:2498:   ./install-sh found
configure:2516:   ./compile found
configure:2698: checking for gcc
configure:2719: found /usr/bin/gcc
configure:2730: result: gcc
configure:3083: checking for C compiler version
configure:3092: gcc --version >&5
gcc (GCC) 4.8.5 20150623 (Red Hat 4.8.5-44)
Copyright (C) 2015 Free Software Foundation, Inc.
This is free software; see the source for copying conditions.  There is NO
warranty; not even for MERCHANTABILITY or FITNESS FOR A PARTICULAR PURPOSE.

configure:3103: $? = 0
configure:3092: gcc -v >&5
Using built-in specs.
COLLECT_GCC=gcc
COLLECT_LTO_WRAPPER=/usr/libexec/gcc/x86_64-redhat-linux/4.8.5/lto-wrapper
Target: x86_64-redhat-linux
Configured with: ../configure --prefix=/usr --mandir=/usr/share/man --infodir=/usr/share/info --with-bugurl=http://bugzilla.redhat.com/bugzilla --enable-bootstrap --enable-shared --enable-threads=posix --enable-checking=release --with-system-zlib --enable-__cxa_atexit --disable-libunwind-exceptions --enable-gnu-unique-object --enable-linker-build-id --with-linker-hash-style=gnu --enable-languages=c,c++,objc,obj-c++,java,fortran,ada,go,lto --enable-plugin --enable-initfini-array --disable-libgcj --with-isl=/builddir/build/BUILD/gcc-4.8.5-20150702/obj-x86_64-redhat-linux/isl-install --with-cloog=/builddir/build/BUILD/gcc-4.8.5-20150702/obj-x86_64-redhat-linux/cloog-install --enable-gnu-indirect-function --with-tune=generic --with-arch_32=x86-64 --build=x86_64-redhat-linux
Thread model: posix
gcc version 4.8.5 20150623 (Red Hat 4.8.5-44) (GCC) 
configure:3103: $? = 0
configure:3092: gcc -V >&5
gcc: error: unrecognized command line option '-V'
gcc: fatal error: no input files
compilation terminated.
configure:3103: $? = 4
configure:3092: gcc -qversion >&5
gcc: error: unrecognized command line option '-qversion'
gcc: fatal error: no input files
compilation terminated.
configure:3103: $? = 4
configure:3092: gcc -version >&5
gcc: error: unrecognized command line option '-version'
gcc: fatal error: no input files
compilation terminated.
configure:3103: $? = 4
configure:3123: checking whether the C compiler works
configure:3145: gcc    conftest.c  >&5
configure:3149: $? = 0
configure:3199: result: yes
configure:3202: checking for C compiler default output file name
configure:3204: result: a.out
configure:3210: checking for suffix of executables
configure:3217: gcc -o conftest    conftest.c  >&5
configure:3221: $? = 0
configure:3244: result: 
configure:3266: checking whether we are cross compiling
configure:3274: gcc -o conftest    conftest.c  >&5
configure:3278: $? = 0
configure:3285: ./conftest
configure:3289: $? = 0
configure:3304: result: no
configure:3309: checking for suffix of object files
configure:3332: gcc -c   conftest.c >&5
configure:3336: $? = 0
configure:3358: result: o
configure:3362: checking whether the compiler supports GNU C
configure:3382: gcc -c   conftest.c >&5
configure:3382: $? = 0
configure:3392: result: yes
configure:3403: checking whether gcc accepts -g
configure:3424: gcc -c -g  conftest.c >&5
configure:3424: $? = 0
configure:3468: result: yes
configure:3488: checking for gcc option to enable C11 features
configure:3503: gcc  -c -g -O2  conftest.c >&5
conftest.c:61:3: error: #error "Compiler does not advertise C99 conformance"
 # error "Compiler does not advertise C99 conformance"
   ^
conftest.c:116:29: error: expected ';', ',' or ')' before 'text'
 test_restrict (ccp restrict text)
                             ^
conftest.c:165:3: error: #error "Compiler does not advertise C11 conformance"
 # error "Compiler does not advertise C11 conformance"
   ^
conftest.c:196:12: error: 'syntax' undeclared here (not in a function)
 #define u8 syntax error!
            ^
conftest.c:197:29: note: in expansion of macro 'u8'
 char const utf8_literal[] = u8"happens to be ASCII" "another string";
                             ^
conftest.c:196:19: error: expected ',' or ';' before 'error'
 #define u8 syntax error!
                   ^
conftest.c:197:29: note: in expansion of macro 'u8'
 char const utf8_literal[] = u8"happens to be ASCII" "another string";
                             ^
conftest.c: In function 'main':
conftest.c:230:18: error: expected '=', ',', ';', 'asm' or '__attribute__' before 'newvar'
   char *restrict newvar = "Another string";
                  ^
conftest.c:230:18: error: 'newvar' undeclared (first use in this function)
conftest.c:230:18: note: each undeclared identifier is reported only once for each function it appears in
conftest.c:240:3: error: 'for' loop initial declarations are only allowed in C99 mode
   for (int i = 0; i < ia->datasize; ++i)
   ^
conftest.c:240:3: note: use option -std=c99 or -std=gnu99 to compile your code
configure:3503: $? = 1
configure: failed program was:
| /* confdefs.h */
| #define PACKAGE_NAME "mpfi"
| #define PACKAGE_TARNAME "mpfi"
| #define PACKAGE_VERSION "1.5.4"
| #define PACKAGE_STRING "mpfi 1.5.4"
| #define PACKAGE_BUGREPORT "mpfi-users@inria.fr"
| #define PACKAGE_URL "https://gitlab.inria.fr/mpfi/mpfi/"
| /* end confdefs.h.  */
| 
| /* Does the compiler advertise C89 conformance?
|    Do not test the value of __STDC__, because some compilers set it to 0
|    while being otherwise adequately conformant. */
| #if !defined __STDC__
| # error "Compiler does not advertise C89 conformance"
| #endif
| 
| #include <stddef.h>
| #include <stdarg.h>
| struct stat;
| /* Most of the following tests are stolen from RCS 5.7 src/conf.sh.  */
| struct buf { int x; };
| struct buf * (*rcsopen) (struct buf *, struct stat *, int);
| static char *e (p, i)
|      char **p;
|      int i;
| {
|   return p[i];
| }
| static char *f (char * (*g) (char **, int), char **p, ...)
| {
|   char *s;
|   va_list v;
|   va_start (v,p);
|   s = g (p, va_arg (v,int));
|   va_end (v);
|   return s;
| }
| 
| /* OSF 4.0 Compaq cc is some sort of almost-ANSI by default.  It has
|    function prototypes and stuff, but not \xHH hex character constants.
|    These do not provoke an error unfortunately, instead are silently treated
|    as an "x".  The following induces an error, until -std is added to get
|    proper ANSI mode.  Curiously \x00 != x always comes out true, for an
|    array size at least.  It is necessary to write \x00 == 0 to get something
|    that is true only with -std.  */
| int osf4_cc_array ['\x00' == 0 ? 1 : -1];
| 
| /* IBM C 6 for AIX is almost-ANSI by default, but it replaces macro parameters
|    inside strings and character constants.  */
| #define FOO(x) 'x'
| int xlc6_cc_array[FOO(a) == 'x' ? 1 : -1];
| 
| int test (int i, double x);
| struct s1 {int (*f) (int a);};
| struct s2 {int (*f) (double a);};
| int pairnames (int, char **, int *(*)(struct buf *, struct stat *, int),
|                int, int);
| 
| // Does the compiler advertise C99 conformance?
| #if !defined __STDC_VERSION__ || __STDC_VERSION__ < 199901L
| # error "Compiler does not advertise C99 conformance"
| #endif
| 
| #include <stdbool.h>
| extern int puts (const char *);
| extern int printf (const char *, ...);
| extern int dprintf (int, const char *, ...);
| extern void *malloc (size_t);
| 
| // Check varargs macros.  These examples are taken from C99 6.10.3.5.
| // dprintf is used instead of fprintf to avoid needing to declare
| // FILE and stderr.
| #define debug(...) dprintf (2, __VA_ARGS__)
| #define showlist(...) puts (#__VA_ARGS__)
| #define report(test,...) ((test) ? puts (#test) : printf (__VA_ARGS__))
| static void
| test_varargs_macros (void)
| {
|   int x = 1234;
|   int y = 5678;
|   debug ("Flag");
|   debug ("X = %d\n", x);
|   showlist (The first, second, and third items.);
|   report (x>y, "x is %d but y is %d", x, y);
| }
| 
| // Check long long types.
| #define BIG64 18446744073709551615ull
| #define BIG32 4294967295ul
| #define BIG_OK (BIG64 / BIG32 == 4294967297ull && BIG64 % BIG32 == 0)
| #if !BIG_OK
|   #error "your preprocessor is broken"
| #endif
| #if BIG_OK
| #else
|   #error "your preprocessor is broken"
| #endif
| static long long int bignum = -9223372036854775807LL;
| static unsigned long long int ubignum = BIG64;
| 
| struct incomplete_array
| {
|   int datasize;
|   double data[];
| };
| 
| struct named_init {
|   int number;
|   const wchar_t *name;
|   double average;
| };
| 
| typedef const char *ccp;
| 
| static inline int
| test_restrict (ccp restrict text)
| {
|   // See if C++-style comments work.
|   // Iterate through items via the restricted pointer.
|   // Also check for declarations in for loops.
|   for (unsigned int i = 0; *(text+i) != '\0'; ++i)
|     continue;
|   return 0;
| }
| 
| // Check varargs and va_copy.
| static bool
| test_varargs (const char *format, ...)
| {
|   va_list args;
|   va_start (args, format);
|   va_list args_copy;
|   va_copy (args_copy, args);
| 
|   const char *str = "";
|   int number = 0;
|   float fnumber = 0;
| 
|   while (*format)
|     {
|       switch (*format++)
| 	{
| 	case 's': // string
| 	  str = va_arg (args_copy, const char *);
| 	  break;
| 	case 'd': // int
| 	  number = va_arg (args_copy, int);
| 	  break;
| 	case 'f': // float
| 	  fnumber = va_arg (args_copy, double);
| 	  break;
| 	default:
| 	  break;
| 	}
|     }
|   va_end (args_copy);
|   va_end (args);
| 
|   return *str && number && fnumber;
| }
| 
| 
| // Does the compiler advertise C11 conformance?
| #if !defined __STDC_VERSION__ || __STDC_VERSION__ < 201112L
| # error "Compiler does not advertise C11 conformance"
| #endif
| 
| // Check _Alignas.
| char _Alignas (double) aligned_as_double;
| char _Alignas (0) no_special_alignment;
| extern char aligned_as_int;
| char _Alignas (0) _Alignas (int) aligned_as_int;
| 
| // Check _Alignof.
| enum
| {
|   int_alignment = _Alignof (int),
|   int_array_alignment = _Alignof (int[100]),
|   char_alignment = _Alignof (char)
| };
| _Static_assert (0 < -_Alignof (int), "_Alignof is signed");
| 
| // Check _Noreturn.
| int _Noreturn does_not_return (void) { for (;;) continue; }
| 
| // Check _Static_assert.
| struct test_static_assert
| {
|   int x;
|   _Static_assert (sizeof (int) <= sizeof (long int),
|                   "_Static_assert does not work in struct");
|   long int y;
| };
| 
| // Check UTF-8 literals.
| #define u8 syntax error!
| char const utf8_literal[] = u8"happens to be ASCII" "another string";
| 
| // Check duplicate typedefs.
| typedef long *long_ptr;
| typedef long int *long_ptr;
| typedef long_ptr long_ptr;
| 
| // Anonymous structures and unions -- taken from C11 6.7.2.1 Example 1.
| struct anonymous
| {
|   union {
|     struct { int i; int j; };
|     struct { int k; long int l; } w;
|   };
|   int m;
| } v1;
| 
| 
| int
| main (int argc, char **argv)
| {
|   int ok = 0;
|   
| ok |= (argc == 0 || f (e, argv, 0) != argv[0] || f (e, argv, 1) != argv[1]);
| 
|   
|   // Check bool.
|   _Bool success = false;
|   success |= (argc != 0);
| 
|   // Check restrict.
|   if (test_restrict ("String literal") == 0)
|     success = true;
|   char *restrict newvar = "Another string";
| 
|   // Check varargs.
|   success &= test_varargs ("s, d' f .", "string", 65, 34.234);
|   test_varargs_macros ();
| 
|   // Check flexible array members.
|   struct incomplete_array *ia =
|     malloc (sizeof (struct incomplete_array) + (sizeof (double) * 10));
|   ia->datasize = 10;
|   for (int i = 0; i < ia->datasize; ++i)
|     ia->data[i] = i * 1.234;
| 
|   // Check named initializers.
|   struct named_init ni = {
|     .number = 34,
|     .name = L"Test wide string",
|     .average = 543.34343,
|   };
| 
|   ni.number = 58;
| 
|   int dynamic_array[ni.number];
|   dynamic_array[0] = argv[0][0];
|   dynamic_array[ni.number - 1] = 543;
| 
|   // work around unused variable warnings
|   ok |= (!success || bignum == 0LL || ubignum == 0uLL || newvar[0] == 'x'
| 	 || dynamic_array[ni.number - 1] != 543);
| 
|   
|   _Static_assert ((offsetof (struct anonymous, i)
| 		   == offsetof (struct anonymous, w.k)),
| 		  "Anonymous union alignment botch");
|   v1.i = 2;
|   v1.w.k = 5;
|   ok |= v1.i != 5;
| 
|   return ok;
| }
| 
configure:3503: gcc -std=gnu11 -c -g -O2  conftest.c >&5
configure:3503: $? = 0
configure:3524: result: -std=gnu11
configure:3637: checking whether gcc -std=gnu11 understands -c and -o together
configure:3660: gcc -std=gnu11 -c conftest.c -o conftest2.o
configure:3663: $? = 0
configure:3660: gcc -std=gnu11 -c conftest.c -o conftest2.o
configure:3663: $? = 0
configure:3675: result: yes
configure:3697: checking for stdio.h
configure:3697: gcc -std=gnu11 -c -g -O2  conftest.c >&5
configure:3697: $? = 0
configure:3697: result: yes
configure:3697: checking for stdlib.h
configure:3697: gcc -std=gnu11 -c -g -O2  conftest.c >&5
configure:3697: $? = 0
configure:3697: result: yes
configure:3697: checking for string.h
configure:3697: gcc -std=gnu11 -c -g -O2  conftest.c >&5
configure:3697: $? = 0
configure:3697: result: yes
configure:3697: checking for inttypes.h
configure:3697: gcc -std=gnu11 -c -g -O2  conftest.c >&5
configure:3697: $? = 0
configure:3697: result: yes
configure:3697: checking for stdint.h
configure:3697: gcc -std=gnu11 -c -g -O2  conftest.c >&5
configure:3697: $? = 0
configure:3697: result: yes
configure:3697: checking for strings.h
configure:3697: gcc -std=gnu11 -c -g -O2  conftest.c >&5
configure:3697: $? = 0
configure:3697: result: yes
configure:3697: checking for sys/stat.h
configure:3697: gcc -std=gnu11 -c -g -O2  conftest.c >&5
configure:3697: $? = 0
configure:3697: result: yes
configure:3697: checking for sys/types.h
configure:3697: gcc -std=gnu11 -c -g -O2  conftest.c >&5
configure:3697: $? = 0
configure:3697: result: yes
configure:3697: checking for unistd.h
configure:3697: gcc -std=gnu11 -c -g -O2  conftest.c >&5
configure:3697: $? = 0
configure:3697: result: yes
configure:3697: checking for wchar.h
configure:3697: gcc -std=gnu11 -c -g -O2  conftest.c >&5
configure:3697: $? = 0
configure:3697: result: yes
configure:3697: checking for minix/config.h
configure:3697: gcc -std=gnu11 -c -g -O2  conftest.c >&5
conftest.c:47:26: fatal error: minix/config.h: No such file or directory
 #include <minix/config.h>
                          ^
compilation terminated.
configure:3697: $? = 1
configure: failed program was:
| /* confdefs.h */
| #define PACKAGE_NAME "mpfi"
| #define PACKAGE_TARNAME "mpfi"
| #define PACKAGE_VERSION "1.5.4"
| #define PACKAGE_STRING "mpfi 1.5.4"
| #define PACKAGE_BUGREPORT "mpfi-users@inria.fr"
| #define PACKAGE_URL "https://gitlab.inria.fr/mpfi/mpfi/"
| #define HAVE_STDIO_H 1
| #define HAVE_STDLIB_H 1
| #define HAVE_STRING_H 1
| #define HAVE_INTTYPES_H 1
| #define HAVE_STDINT_H 1
| #define HAVE_STRINGS_H 1
| #define HAVE_SYS_STAT_H 1
| #define HAVE_SYS_TYPES_H 1
| #define HAVE_UNISTD_H 1
| #define HAVE_WCHAR_H 1
| /* end confdefs.h.  */
| #include <stddef.h>
| #ifdef HAVE_STDIO_H
| # include <stdio.h>
| #endif
| #ifdef HAVE_STDLIB_H
| # include <stdlib.h>
| #endif
| #ifdef HAVE_STRING_H
| # include <string.h>
| #endif
| #ifdef HAVE_INTTYPES_H
| # include <inttypes.h>
| #endif
| #ifdef HAVE_STDINT_H
| # include <stdint.h>
| #endif
| #ifdef HAVE_STRINGS_H
| # include <strings.h>
| #endif
| #ifdef HAVE_SYS_TYPES_H
| # include <sys/types.h>
| #endif
| #ifdef HAVE_SYS_STAT_H
| # include <sys/stat.h>
| #endif
| #ifdef HAVE_UNISTD_H
| # include <unistd.h>
| #endif
| #include <minix/config.h>
configure:3697: result: no
configure:3728: checking whether it is safe to define __EXTENSIONS__
configure:3747: gcc -std=gnu11 -c -g -O2  conftest.c >&5
configure:3747: $? = 0
configure:3755: result: yes
configure:3758: checking whether _XOPEN_SOURCE should be defined
configure:3780: gcc -std=gnu11 -c -g -O2  conftest.c >&5
configure:3780: $? = 0
configure:3807: result: no
configure:3880: checking for a BSD-compatible install
configure:3953: result: /usr/bin/install -c
configure:3964: checking whether build environment is sane
configure:4019: result: yes
configure:4174: checking for a race-free mkdir -p
configure:4218: result: /usr/bin/mkdir -p
configure:4225: checking for gawk
configure:4246: found /usr/bin/gawk
configure:4257: result: gawk
configure:4268: checking whether make sets $(MAKE)
configure:4291: result: yes
configure:4313: checking whether make supports the include directive
configure:4328: make -f confmf.GNU && cat confinc.out
this is the am__doit target
configure:4331: $? = 0
configure:4350: result: yes (GNU style)
configure:4385: checking whether make supports nested variables
configure:4403: result: yes
configure:4479: checking dependency style of gcc -std=gnu11
configure:4591: result: gcc3
configure:4664: checking whether to enable maintainer-specific portions of Makefiles
configure:4674: result: yes
configure:4804: checking for gcc
configure:4836: result: gcc
configure:5189: checking for C compiler version
configure:5198: gcc --version >&5
gcc (GCC) 4.8.5 20150623 (Red Hat 4.8.5-44)
Copyright (C) 2015 Free Software Foundation, Inc.
This is free software; see the source for copying conditions.  There is NO
warranty; not even for MERCHANTABILITY or FITNESS FOR A PARTICULAR PURPOSE.

configure:5209: $? = 0
configure:5198: gcc -v >&5
Using built-in specs.
COLLECT_GCC=gcc
COLLECT_LTO_WRAPPER=/usr/libexec/gcc/x86_64-redhat-linux/4.8.5/lto-wrapper
Target: x86_64-redhat-linux
Configured with: ../configure --prefix=/usr --mandir=/usr/share/man --infodir=/usr/share/info --with-bugurl=http://bugzilla.redhat.com/bugzilla --enable-bootstrap --enable-shared --enable-threads=posix --enable-checking=release --with-system-zlib --enable-__cxa_atexit --disable-libunwind-exceptions --enable-gnu-unique-object --enable-linker-build-id --with-linker-hash-style=gnu --enable-languages=c,c++,objc,obj-c++,java,fortran,ada,go,lto --enable-plugin --enable-initfini-array --disable-libgcj --with-isl=/builddir/build/BUILD/gcc-4.8.5-20150702/obj-x86_64-redhat-linux/isl-install --with-cloog=/builddir/build/BUILD/gcc-4.8.5-20150702/obj-x86_64-redhat-linux/cloog-install --enable-gnu-indirect-function --with-tune=generic --with-arch_32=x86-64 --build=x86_64-redhat-linux
Thread model: posix
gcc version 4.8.5 20150623 (Red Hat 4.8.5-44) (GCC) 
configure:5209: $? = 0
configure:5198: gcc -V >&5
gcc: error: unrecognized command line option '-V'
gcc: fatal error: no input files
compilation terminated.
configure:5209: $? = 4
configure:5198: gcc -qversion >&5
gcc: error: unrecognized command line option '-qversion'
gcc: fatal error: no input files
compilation terminated.
configure:5209: $? = 4
configure:5198: gcc -version >&5
gcc: error: unrecognized command line option '-version'
gcc: fatal error: no input files
compilation terminated.
configure:5209: $? = 4
configure:5213: checking whether the compiler supports GNU C
configure:5243: result: yes
configure:5254: checking whether gcc accepts -g
configure:5319: result: yes
configure:5339: checking for gcc option to enable C11 features
configure:5375: result: -std=gnu11
configure:5488: checking whether gcc -std=gnu11 understands -c and -o together
configure:5526: result: yes
configure:5548: checking how to run the C preprocessor
configure:5574: gcc -std=gnu11 -E -I/afs/ece.cmu.edu/usr/zhexic/Private/FFT_Mult/include  conftest.c
configure:5574: $? = 0
configure:5589: gcc -std=gnu11 -E -I/afs/ece.cmu.edu/usr/zhexic/Private/FFT_Mult/include  conftest.c
conftest.c:36:28: fatal error: ac_nonexistent.h: No such file or directory
 #include <ac_nonexistent.h>
                            ^
compilation terminated.
configure:5589: $? = 1
configure: failed program was:
| /* confdefs.h */
| #define PACKAGE_NAME "mpfi"
| #define PACKAGE_TARNAME "mpfi"
| #define PACKAGE_VERSION "1.5.4"
| #define PACKAGE_STRING "mpfi 1.5.4"
| #define PACKAGE_BUGREPORT "mpfi-users@inria.fr"
| #define PACKAGE_URL "https://gitlab.inria.fr/mpfi/mpfi/"
| #define HAVE_STDIO_H 1
| #define HAVE_STDLIB_H 1
| #define HAVE_STRING_H 1
| #define HAVE_INTTYPES_H 1
| #define HAVE_STDINT_H 1
| #define HAVE_STRINGS_H 1
| #define HAVE_SYS_STAT_H 1
| #define HAVE_SYS_TYPES_H 1
| #define HAVE_UNISTD_H 1
| #define HAVE_WCHAR_H 1
| #define STDC_HEADERS 1
| #define _ALL_SOURCE 1
| #define _DARWIN_C_SOURCE 1
| #define _GNU_SOURCE 1
| #define _HPUX_ALT_XOPEN_SOCKET_API 1
| #define _NETBSD_SOURCE 1
| #define _OPENBSD_SOURCE 1
| #define _POSIX_PTHREAD_SEMANTICS 1
| #define __STDC_WANT_IEC_60559_ATTRIBS_EXT__ 1
| #define __STDC_WANT_IEC_60559_BFP_EXT__ 1
| #define __STDC_WANT_IEC_60559_DFP_EXT__ 1
| #define __STDC_WANT_IEC_60559_FUNCS_EXT__ 1
| #define __STDC_WANT_IEC_60559_TYPES_EXT__ 1
| #define __STDC_WANT_LIB_EXT2__ 1
| #define __STDC_WANT_MATH_SPEC_FUNCS__ 1
| #define _TANDEM_SOURCE 1
| #define __EXTENSIONS__ 1
| /* end confdefs.h.  */
| #include <ac_nonexistent.h>
configure:5616: result: gcc -std=gnu11 -E
configure:5630: gcc -std=gnu11 -E -I/afs/ece.cmu.edu/usr/zhexic/Private/FFT_Mult/include  conftest.c
configure:5630: $? = 0
configure:5645: gcc -std=gnu11 -E -I/afs/ece.cmu.edu/usr/zhexic/Private/FFT_Mult/include  conftest.c
conftest.c:36:28: fatal error: ac_nonexistent.h: No such file or directory
 #include <ac_nonexistent.h>
                            ^
compilation terminated.
configure:5645: $? = 1
configure: failed program was:
| /* confdefs.h */
| #define PACKAGE_NAME "mpfi"
| #define PACKAGE_TARNAME "mpfi"
| #define PACKAGE_VERSION "1.5.4"
| #define PACKAGE_STRING "mpfi 1.5.4"
| #define PACKAGE_BUGREPORT "mpfi-users@inria.fr"
| #define PACKAGE_URL "https://gitlab.inria.fr/mpfi/mpfi/"
| #define HAVE_STDIO_H 1
| #define HAVE_STDLIB_H 1
| #define HAVE_STRING_H 1
| #define HAVE_INTTYPES_H 1
| #define HAVE_STDINT_H 1
| #define HAVE_STRINGS_H 1
| #define HAVE_SYS_STAT_H 1
| #define HAVE_SYS_TYPES_H 1
| #define HAVE_UNISTD_H 1
| #define HAVE_WCHAR_H 1
| #define STDC_HEADERS 1
| #define _ALL_SOURCE 1
| #define _DARWIN_C_SOURCE 1
| #define _GNU_SOURCE 1
| #define _HPUX_ALT_XOPEN_SOCKET_API 1
| #define _NETBSD_SOURCE 1
| #define _OPENBSD_SOURCE 1
| #define _POSIX_PTHREAD_SEMANTICS 1
| #define __STDC_WANT_IEC_60559_ATTRIBS_EXT__ 1
| #define __STDC_WANT_IEC_60559_BFP_EXT__ 1
| #define __STDC_WANT_IEC_60559_DFP_EXT__ 1
| #define __STDC_WANT_IEC_60559_FUNCS_EXT__ 1
| #define __STDC_WANT_IEC_60559_TYPES_EXT__ 1
| #define __STDC_WANT_LIB_EXT2__ 1
| #define __STDC_WANT_MATH_SPEC_FUNCS__ 1
| #define _TANDEM_SOURCE 1
| #define __EXTENSIONS__ 1
| /* end confdefs.h.  */
| #include <ac_nonexistent.h>
configure:5676: checking whether ln -s works
configure:5680: result: yes
configure:5687: checking whether make sets $(MAKE)
configure:5710: result: yes
configure:5774: checking for ar
configure:5795: found /usr/bin/ar
configure:5806: result: ar
configure:5832: checking the archiver (ar) interface
configure:5849: gcc -std=gnu11 -c -g -O2 -I/afs/ece.cmu.edu/usr/zhexic/Private/FFT_Mult/include  conftest.c >&5
configure:5849: $? = 0
configure:5852: ar cru libconftest.a conftest.o >&5
configure:5855: $? = 0
configure:5883: result: ar
configure:5936: checking build system type
configure:5951: result: x86_64-pc-linux-gnu
configure:5971: checking host system type
configure:5985: result: x86_64-pc-linux-gnu
configure:6026: checking how to print strings
configure:6053: result: printf
configure:6074: checking for a sed that does not truncate output
configure:6144: result: /usr/bin/sed
configure:6162: checking for grep that handles long lines and -e
configure:6226: result: /usr/bin/grep
configure:6231: checking for egrep
configure:6299: result: /usr/bin/grep -E
configure:6304: checking for fgrep
configure:6372: result: /usr/bin/grep -F
configure:6408: checking for ld used by gcc -std=gnu11
configure:6476: result: /usr/bin/ld
configure:6483: checking if the linker (/usr/bin/ld) is GNU ld
configure:6499: result: yes
configure:6511: checking for BSD- or MS-compatible name lister (nm)
configure:6566: result: /usr/bin/nm -B
configure:6706: checking the name lister (/usr/bin/nm -B) interface
configure:6714: gcc -std=gnu11 -c -g -O2 -I/afs/ece.cmu.edu/usr/zhexic/Private/FFT_Mult/include  conftest.c >&5
configure:6717: /usr/bin/nm -B "conftest.o"
configure:6720: output
0000000000000000 B some_variable
configure:6727: result: BSD nm
configure:6731: checking the maximum length of command line arguments
configure:6863: result: 1572864
configure:6911: checking how to convert x86_64-pc-linux-gnu file names to x86_64-pc-linux-gnu format
configure:6952: result: func_convert_file_noop
configure:6959: checking how to convert x86_64-pc-linux-gnu file names to toolchain format
configure:6980: result: func_convert_file_noop
configure:6987: checking for /usr/bin/ld option to reload object files
configure:6995: result: -r
configure:7074: checking for objdump
configure:7095: found /usr/bin/objdump
configure:7106: result: objdump
configure:7138: checking how to recognize dependent libraries
configure:7339: result: pass_all
configure:7429: checking for dlltool
configure:7464: result: no
configure:7494: checking how to associate runtime and link libraries
configure:7522: result: printf %s\n
configure:7656: checking for archiver @FILE support
configure:7674: gcc -std=gnu11 -c -g -O2 -I/afs/ece.cmu.edu/usr/zhexic/Private/FFT_Mult/include  conftest.c >&5
configure:7674: $? = 0
configure:7678: ar cru libconftest.a @conftest.lst >&5
configure:7681: $? = 0
configure:7686: ar cru libconftest.a @conftest.lst >&5
ar: conftest.o: No such file or directory
configure:7689: $? = 1
configure:7701: result: @
configure:7764: checking for strip
configure:7785: found /usr/bin/strip
configure:7796: result: strip
configure:7873: checking for ranlib
configure:7894: found /usr/bin/ranlib
configure:7905: result: ranlib
configure:8007: checking command to parse /usr/bin/nm -B output from gcc -std=gnu11 object
configure:8161: gcc -std=gnu11 -c -g -O2 -I/afs/ece.cmu.edu/usr/zhexic/Private/FFT_Mult/include  conftest.c >&5
configure:8164: $? = 0
configure:8168: /usr/bin/nm -B conftest.o \| sed -n -e 's/^.*[ ]\([ABCDGIRSTW][ABCDGIRSTW]*\)[ ][ ]*\([_A-Za-z][_A-Za-z0-9]*\)$/\1 \2 \2/p' | sed '/ __gnu_lto/d' \> conftest.nm
configure:8171: $? = 0
configure:8237: gcc -std=gnu11 -o conftest -g -O2 -I/afs/ece.cmu.edu/usr/zhexic/Private/FFT_Mult/include  -L/afs/ece.cmu.edu/usr/zhexic/Private/FFT_Mult/lib  conftest.c conftstm.o >&5
configure:8240: $? = 0
configure:8278: result: ok
configure:8325: checking for sysroot
configure:8356: result: no
configure:8363: checking for a working dd
configure:8407: result: /usr/bin/dd
configure:8411: checking how to truncate binary pipes
configure:8427: result: /usr/bin/dd bs=4096 count=1
configure:8564: gcc -std=gnu11 -c -g -O2 -I/afs/ece.cmu.edu/usr/zhexic/Private/FFT_Mult/include  conftest.c >&5
configure:8567: $? = 0
configure:8764: checking for mt
configure:8799: result: no
configure:8819: checking if : is a manifest tool
configure:8826: : '-?'
configure:8834: result: no
configure:9555: checking for dlfcn.h
configure:9555: gcc -std=gnu11 -c -g -O2 -I/afs/ece.cmu.edu/usr/zhexic/Private/FFT_Mult/include  conftest.c >&5
configure:9555: $? = 0
configure:9555: result: yes
configure:9814: checking for objdir
configure:9830: result: .libs
configure:10090: checking if gcc -std=gnu11 supports -fno-rtti -fno-exceptions
configure:10109: gcc -std=gnu11 -c -g -O2 -I/afs/ece.cmu.edu/usr/zhexic/Private/FFT_Mult/include  -fno-rtti -fno-exceptions conftest.c >&5
cc1: warning: command line option '-fno-rtti' is valid for C++/ObjC++ but not for C [enabled by default]
configure:10113: $? = 0
configure:10126: result: no
configure:10484: checking for gcc -std=gnu11 option to produce PIC
configure:10492: result: -fPIC -DPIC
configure:10500: checking if gcc -std=gnu11 PIC flag -fPIC -DPIC works
configure:10519: gcc -std=gnu11 -c -g -O2 -I/afs/ece.cmu.edu/usr/zhexic/Private/FFT_Mult/include  -fPIC -DPIC -DPIC conftest.c >&5
configure:10523: $? = 0
configure:10536: result: yes
configure:10565: checking if gcc -std=gnu11 static flag -static works
configure:10594: result: yes
configure:10609: checking if gcc -std=gnu11 supports -c -o file.o
configure:10631: gcc -std=gnu11 -c -g -O2 -I/afs/ece.cmu.edu/usr/zhexic/Private/FFT_Mult/include  -o out/conftest2.o conftest.c >&5
configure:10635: $? = 0
configure:10657: result: yes
configure:10665: checking if gcc -std=gnu11 supports -c -o file.o
configure:10713: result: yes
configure:10746: checking whether the gcc -std=gnu11 linker (/usr/bin/ld -m elf_x86_64) supports shared libraries
configure:12012: result: yes
configure:12049: checking whether -lc should be explicitly linked in
configure:12058: gcc -std=gnu11 -c -g -O2 -I/afs/ece.cmu.edu/usr/zhexic/Private/FFT_Mult/include  conftest.c >&5
configure:12061: $? = 0
configure:12076: gcc -std=gnu11 -shared  -fPIC -DPIC conftest.o  -v -Wl,-soname -Wl,conftest -o conftest 2\>\&1 \| /usr/bin/grep  -lc  \>/dev/null 2\>\&1
configure:12079: $? = 0
configure:12093: result: no
configure:12253: checking dynamic linker characteristics
configure:12835: gcc -std=gnu11 -o conftest -g -O2 -I/afs/ece.cmu.edu/usr/zhexic/Private/FFT_Mult/include  -L/afs/ece.cmu.edu/usr/zhexic/Private/FFT_Mult/lib  -Wl,-rpath -Wl,/foo conftest.c  >&5
configure:12835: $? = 0
configure:13074: result: GNU/Linux ld.so
configure:13196: checking how to hardcode library paths into programs
configure:13221: result: immediate
configure:13773: checking whether stripping libraries is possible
configure:13778: result: yes
configure:13813: checking if libtool supports shared libraries
configure:13815: result: yes
configure:13818: checking whether to build shared libraries
configure:13843: result: yes
configure:13846: checking whether to build static libraries
configure:13850: result: yes
configure:13888: checking for gmp.h
configure:13896: gcc -std=gnu11 -c -g -O2 -I/afs/ece.cmu.edu/usr/zhexic/Private/FFT_Mult/include  conftest.c >&5
configure:13896: $? = 0
configure:13898: result: yes
configure:13909: checking for __gmpz_init in -lgmp
configure:13932: gcc -std=gnu11 -o conftest -g -O2 -I/afs/ece.cmu.edu/usr/zhexic/Private/FFT_Mult/include  -L/afs/ece.cmu.edu/usr/zhexic/Private/FFT_Mult/lib  conftest.c -lgmp   >&5
configure:13932: $? = 0
configure:13942: result: yes
configure:13952: checking for valid GMP
configure:13970: gcc -std=gnu11 -c -g -O2 -I/afs/ece.cmu.edu/usr/zhexic/Private/FFT_Mult/include  conftest.c >&5
configure:13970: $? = 0
configure:13972: result: yes
configure:13983: checking for mpfr.h
configure:13991: gcc -std=gnu11 -c -g -O2 -I/afs/ece.cmu.edu/usr/zhexic/Private/FFT_Mult/include  conftest.c >&5
configure:13991: $? = 0
configure:13993: result: yes
configure:14004: checking for mpfr_init in -lmpfr
configure:14027: gcc -std=gnu11 -o conftest -g -O2 -I/afs/ece.cmu.edu/usr/zhexic/Private/FFT_Mult/include  -L/afs/ece.cmu.edu/usr/zhexic/Private/FFT_Mult/lib  conftest.c -lmpfr  -lgmp  >&5
configure:14027: $? = 0
configure:14037: result: yes
configure:14047: checking for valid MPFR
configure:14065: gcc -std=gnu11 -c -g -O2 -I/afs/ece.cmu.edu/usr/zhexic/Private/FFT_Mult/include  conftest.c >&5
configure:14065: $? = 0
configure:14067: result: yes
configure:14078: checking for float.h
configure:14078: gcc -std=gnu11 -c -g -O2 -I/afs/ece.cmu.edu/usr/zhexic/Private/FFT_Mult/include  conftest.c >&5
configure:14078: $? = 0
configure:14078: result: yes
configure:14084: checking for limits.h
configure:14084: gcc -std=gnu11 -c -g -O2 -I/afs/ece.cmu.edu/usr/zhexic/Private/FFT_Mult/include  conftest.c >&5
configure:14084: $? = 0
configure:14084: result: yes
configure:14090: checking for stdlib.h
configure:14090: result: yes
configure:14096: checking for string.h
configure:14096: result: yes
configure:14102: checking for sys/time.h
configure:14102: gcc -std=gnu11 -c -g -O2 -I/afs/ece.cmu.edu/usr/zhexic/Private/FFT_Mult/include  conftest.c >&5
configure:14102: $? = 0
configure:14102: result: yes
configure:14108: checking for unistd.h
configure:14108: result: yes
configure:14115: checking for stdarg.h
configure:14115: gcc -std=gnu11 -c -g -O2 -I/afs/ece.cmu.edu/usr/zhexic/Private/FFT_Mult/include  conftest.c >&5
configure:14115: $? = 0
configure:14115: result: yes
configure:14133: checking for size_t
configure:14133: gcc -std=gnu11 -c -g -O2 -I/afs/ece.cmu.edu/usr/zhexic/Private/FFT_Mult/include  conftest.c >&5
configure:14133: $? = 0
configure:14133: gcc -std=gnu11 -c -g -O2 -I/afs/ece.cmu.edu/usr/zhexic/Private/FFT_Mult/include  conftest.c >&5
conftest.c: In function 'main':
conftest.c:76:21: error: expected expression before ')' token
 if (sizeof ((size_t)))
                     ^
configure:14133: $? = 1
configure: failed program was:
| /* confdefs.h */
| #define PACKAGE_NAME "mpfi"
| #define PACKAGE_TARNAME "mpfi"
| #define PACKAGE_VERSION "1.5.4"
| #define PACKAGE_STRING "mpfi 1.5.4"
| #define PACKAGE_BUGREPORT "mpfi-users@inria.fr"
| #define PACKAGE_URL "https://gitlab.inria.fr/mpfi/mpfi/"
| #define HAVE_STDIO_H 1
| #define HAVE_STDLIB_H 1
| #define HAVE_STRING_H 1
| #define HAVE_INTTYPES_H 1
| #define HAVE_STDINT_H 1
| #define HAVE_STRINGS_H 1
| #define HAVE_SYS_STAT_H 1
| #define HAVE_SYS_TYPES_H 1
| #define HAVE_UNISTD_H 1
| #define HAVE_WCHAR_H 1
| #define STDC_HEADERS 1
| #define _ALL_SOURCE 1
| #define _DARWIN_C_SOURCE 1
| #define _GNU_SOURCE 1
| #define _HPUX_ALT_XOPEN_SOCKET_API 1
| #define _NETBSD_SOURCE 1
| #define _OPENBSD_SOURCE 1
| #define _POSIX_PTHREAD_SEMANTICS 1
| #define __STDC_WANT_IEC_60559_ATTRIBS_EXT__ 1
| #define __STDC_WANT_IEC_60559_BFP_EXT__ 1
| #define __STDC_WANT_IEC_60559_DFP_EXT__ 1
| #define __STDC_WANT_IEC_60559_FUNCS_EXT__ 1
| #define __STDC_WANT_IEC_60559_TYPES_EXT__ 1
| #define __STDC_WANT_LIB_EXT2__ 1
| #define __STDC_WANT_MATH_SPEC_FUNCS__ 1
| #define _TANDEM_SOURCE 1
| #define __EXTENSIONS__ 1
| #define HAVE_DLFCN_H 1
| #define LT_OBJDIR ".libs/"
| #define HAVE_FLOAT_H 1
| #define HAVE_LIMITS_H 1
| #define HAVE_STDLIB_H 1
| #define HAVE_STRING_H 1
| #define HAVE_SYS_TIME_H 1
| #define HAVE_UNISTD_H 1
| #define HAVE_STDARG 1
| /* end confdefs.h.  */
| #include <stddef.h>
| #ifdef HAVE_STDIO_H
| # include <stdio.h>
| #endif
| #ifdef HAVE_STDLIB_H
| # include <stdlib.h>
| #endif
| #ifdef HAVE_STRING_H
| # include <string.h>
| #endif
| #ifdef HAVE_INTTYPES_H
| # include <inttypes.h>
| #endif
| #ifdef HAVE_STDINT_H
| # include <stdint.h>
| #endif
| #ifdef HAVE_STRINGS_H
| # include <strings.h>
| #endif
| #ifdef HAVE_SYS_TYPES_H
| # include <sys/types.h>
| #endif
| #ifdef HAVE_SYS_STAT_H
| # include <sys/stat.h>
| #endif
| #ifdef HAVE_UNISTD_H
| # include <unistd.h>
| #endif
| int
| main (void)
| {
| if (sizeof ((size_t)))
| 	    return 0;
|   ;
|   return 0;
| }
configure:14133: result: yes
configure:14144: checking for dup2
configure:14144: gcc -std=gnu11 -o conftest -g -O2 -I/afs/ece.cmu.edu/usr/zhexic/Private/FFT_Mult/include  -L/afs/ece.cmu.edu/usr/zhexic/Private/FFT_Mult/lib  conftest.c -lmpfr -lgmp  >&5
configure:14144: $? = 0
configure:14144: result: yes
configure:14150: checking for gettimeofday
configure:14150: gcc -std=gnu11 -o conftest -g -O2 -I/afs/ece.cmu.edu/usr/zhexic/Private/FFT_Mult/include  -L/afs/ece.cmu.edu/usr/zhexic/Private/FFT_Mult/lib  conftest.c -lmpfr -lgmp  >&5
configure:14150: $? = 0
configure:14150: result: yes
configure:14157: checking for mpfr_q_sub
configure:14157: gcc -std=gnu11 -o conftest -g -O2 -I/afs/ece.cmu.edu/usr/zhexic/Private/FFT_Mult/include  -L/afs/ece.cmu.edu/usr/zhexic/Private/FFT_Mult/lib  conftest.c -lmpfr -lgmp  >&5
/tmp/ccM7Okud.o: In function `main':
/afs/ece.cmu.edu/usr/zhexic/Private/FFT_Mult/trinumber/mpfi-1.5.4/conftest.c:74: undefined reference to `mpfr_q_sub'
collect2: error: ld returned 1 exit status
configure:14157: $? = 1
configure: failed program was:
| /* confdefs.h */
| #define PACKAGE_NAME "mpfi"
| #define PACKAGE_TARNAME "mpfi"
| #define PACKAGE_VERSION "1.5.4"
| #define PACKAGE_STRING "mpfi 1.5.4"
| #define PACKAGE_BUGREPORT "mpfi-users@inria.fr"
| #define PACKAGE_URL "https://gitlab.inria.fr/mpfi/mpfi/"
| #define HAVE_STDIO_H 1
| #define HAVE_STDLIB_H 1
| #define HAVE_STRING_H 1
| #define HAVE_INTTYPES_H 1
| #define HAVE_STDINT_H 1
| #define HAVE_STRINGS_H 1
| #define HAVE_SYS_STAT_H 1
| #define HAVE_SYS_TYPES_H 1
| #define HAVE_UNISTD_H 1
| #define HAVE_WCHAR_H 1
| #define STDC_HEADERS 1
| #define _ALL_SOURCE 1
| #define _DARWIN_C_SOURCE 1
| #define _GNU_SOURCE 1
| #define _HPUX_ALT_XOPEN_SOCKET_API 1
| #define _NETBSD_SOURCE 1
| #define _OPENBSD_SOURCE 1
| #define _POSIX_PTHREAD_SEMANTICS 1
| #define __STDC_WANT_IEC_60559_ATTRIBS_EXT__ 1
| #define __STDC_WANT_IEC_60559_BFP_EXT__ 1
| #define __STDC_WANT_IEC_60559_DFP_EXT__ 1
| #define __STDC_WANT_IEC_60559_FUNCS_EXT__ 1
| #define __STDC_WANT_IEC_60559_TYPES_EXT__ 1
| #define __STDC_WANT_LIB_EXT2__ 1
| #define __STDC_WANT_MATH_SPEC_FUNCS__ 1
| #define _TANDEM_SOURCE 1
| #define __EXTENSIONS__ 1
| #define HAVE_DLFCN_H 1
| #define LT_OBJDIR ".libs/"
| #define HAVE_FLOAT_H 1
| #define HAVE_LIMITS_H 1
| #define HAVE_STDLIB_H 1
| #define HAVE_STRING_H 1
| #define HAVE_SYS_TIME_H 1
| #define HAVE_UNISTD_H 1
| #define HAVE_STDARG 1
| #define HAVE_DUP2 1
| #define HAVE_GETTIMEOFDAY 1
| /* end confdefs.h.  */
| /* Define mpfr_q_sub to an innocuous variant, in case <limits.h> declares mpfr_q_sub.
|    For example, HP-UX 11i <limits.h> declares gettimeofday.  */
| #define mpfr_q_sub innocuous_mpfr_q_sub
| 
| /* System header to define __stub macros and hopefully few prototypes,
|    which can conflict with char mpfr_q_sub (); below.  */
| 
| #include <limits.h>
| #undef mpfr_q_sub
| 
| /* Override any GCC internal prototype to avoid an error.
|    Use char because int might match the return type of a GCC
|    builtin and then its argument prototype would still apply.  */
| #ifdef __cplusplus
| extern "C"
| #endif
| char mpfr_q_sub ();
| /* The GNU C library defines this for functions which it implements
|     to always fail with ENOSYS.  Some functions are actually named
|     something starting with __ and the normal name is an alias.  */
| #if defined __stub_mpfr_q_sub || defined __stub___mpfr_q_sub
| choke me
| #endif
| 
| int
| main (void)
| {
| return mpfr_q_sub ();
|   ;
|   return 0;
| }
configure:14157: result: no
configure:14163: checking for mpfr_z_sub
configure:14163: gcc -std=gnu11 -o conftest -g -O2 -I/afs/ece.cmu.edu/usr/zhexic/Private/FFT_Mult/include  -L/afs/ece.cmu.edu/usr/zhexic/Private/FFT_Mult/lib  conftest.c -lmpfr -lgmp  >&5
configure:14163: $? = 0
configure:14163: result: yes
configure:14169: checking for mpfr_z_div
configure:14169: gcc -std=gnu11 -o conftest -g -O2 -I/afs/ece.cmu.edu/usr/zhexic/Private/FFT_Mult/include  -L/afs/ece.cmu.edu/usr/zhexic/Private/FFT_Mult/lib  conftest.c -lmpfr -lgmp  >&5
/tmp/ccWFzYTY.o: In function `main':
/afs/ece.cmu.edu/usr/zhexic/Private/FFT_Mult/trinumber/mpfi-1.5.4/conftest.c:75: undefined reference to `mpfr_z_div'
collect2: error: ld returned 1 exit status
configure:14169: $? = 1
configure: failed program was:
| /* confdefs.h */
| #define PACKAGE_NAME "mpfi"
| #define PACKAGE_TARNAME "mpfi"
| #define PACKAGE_VERSION "1.5.4"
| #define PACKAGE_STRING "mpfi 1.5.4"
| #define PACKAGE_BUGREPORT "mpfi-users@inria.fr"
| #define PACKAGE_URL "https://gitlab.inria.fr/mpfi/mpfi/"
| #define HAVE_STDIO_H 1
| #define HAVE_STDLIB_H 1
| #define HAVE_STRING_H 1
| #define HAVE_INTTYPES_H 1
| #define HAVE_STDINT_H 1
| #define HAVE_STRINGS_H 1
| #define HAVE_SYS_STAT_H 1
| #define HAVE_SYS_TYPES_H 1
| #define HAVE_UNISTD_H 1
| #define HAVE_WCHAR_H 1
| #define STDC_HEADERS 1
| #define _ALL_SOURCE 1
| #define _DARWIN_C_SOURCE 1
| #define _GNU_SOURCE 1
| #define _HPUX_ALT_XOPEN_SOCKET_API 1
| #define _NETBSD_SOURCE 1
| #define _OPENBSD_SOURCE 1
| #define _POSIX_PTHREAD_SEMANTICS 1
| #define __STDC_WANT_IEC_60559_ATTRIBS_EXT__ 1
| #define __STDC_WANT_IEC_60559_BFP_EXT__ 1
| #define __STDC_WANT_IEC_60559_DFP_EXT__ 1
| #define __STDC_WANT_IEC_60559_FUNCS_EXT__ 1
| #define __STDC_WANT_IEC_60559_TYPES_EXT__ 1
| #define __STDC_WANT_LIB_EXT2__ 1
| #define __STDC_WANT_MATH_SPEC_FUNCS__ 1
| #define _TANDEM_SOURCE 1
| #define __EXTENSIONS__ 1
| #define HAVE_DLFCN_H 1
| #define LT_OBJDIR ".libs/"
| #define HAVE_FLOAT_H 1
| #define HAVE_LIMITS_H 1
| #define HAVE_STDLIB_H 1
| #define HAVE_STRING_H 1
| #define HAVE_SYS_TIME_H 1
| #define HAVE_UNISTD_H 1
| #define HAVE_STDARG 1
| #define HAVE_DUP2 1
| #define HAVE_GETTIMEOFDAY 1
| #define HAVE_MPFR_Z_SUB 1
| /* end confdefs.h.  */
| /* Define mpfr_z_div to an innocuous variant, in case <limits.h> declares mpfr_z_div.
|    For example, HP-UX 11i <limits.h> declares gettimeofday.  */
| #define mpfr_z_div innocuous_mpfr_z_div
| 
| /* System header to define __stub macros and hopefully few prototypes,
|    which can conflict with char mpfr_z_div (); below.  */
| 
| #include <limits.h>
| #undef mpfr_z_div
| 
| /* Override any GCC internal prototype to avoid an error.
|    Use char because int might match the return type of a GCC
|    builtin and then its argument prototype would still apply.  */
| #ifdef __cplusplus
| extern "C"
| #endif
| char mpfr_z_div ();
| /* The GNU C library defines this for functions which it implements
|     to always fail with ENOSYS.  Some functions are actually named
|     something starting with __ and the normal name is an alias.  */
| #if defined __stub_mpfr_z_div || defined __stub___mpfr_z_div
| choke me
| #endif
| 
| int
| main (void)
| {
| return mpfr_z_div ();
|   ;
|   return 0;
| }
configure:14169: result: no
configure:14295: checking that generated files are newer than configure
configure:14301: result: done
configure:14328: creating ./config.status

## ---------------------- ##
## Running config.status. ##
## ---------------------- ##

This file was extended by mpfi config.status 1.5.4, which was
generated by GNU Autoconf 2.71.  Invocation command line was

  CONFIG_FILES    = 
  CONFIG_HEADERS  = 
  CONFIG_LINKS    = 
  CONFIG_COMMANDS = 
  $ ./config.status 

on ece019.ece.local.cmu.edu

config.status:1113: creating Makefile
config.status:1113: creating mpfi.pc
config.status:1113: creating doc/Makefile
config.status:1113: creating src/Makefile
config.status:1113: creating tests/Makefile
config.status:1113: creating mpfi_config.h
config.status:1342: executing depfiles commands
config.status:1419: cd src       && sed -e '/# am--include-marker/d' Makefile         | make -f - am--depfiles
config.status:1424: $? = 0
config.status:1419: cd tests       && sed -e '/# am--include-marker/d' Makefile         | make -f - am--depfiles
config.status:1424: $? = 0
config.status:1342: executing libtool commands

## ---------------- ##
## Cache variables. ##
## ---------------- ##

ac_cv_build=x86_64-pc-linux-gnu
ac_cv_c_compiler_gnu=yes
ac_cv_env_CC_set=
ac_cv_env_CC_value=
ac_cv_env_CFLAGS_set=
ac_cv_env_CFLAGS_value=
ac_cv_env_CPPFLAGS_set=
ac_cv_env_CPPFLAGS_value=
ac_cv_env_CPP_set=
ac_cv_env_CPP_value=
ac_cv_env_LDFLAGS_set=
ac_cv_env_LDFLAGS_value=
ac_cv_env_LIBS_set=
ac_cv_env_LIBS_value=
ac_cv_env_LT_SYS_LIBRARY_PATH_set=
ac_cv_env_LT_SYS_LIBRARY_PATH_value=
ac_cv_env_build_alias_set=
ac_cv_env_build_alias_value=
ac_cv_env_host_alias_set=
ac_cv_env_host_alias_value=
ac_cv_env_target_alias_set=
ac_cv_env_target_alias_value=
ac_cv_func_dup2=yes
ac_cv_func_gettimeofday=yes
ac_cv_func_mpfr_q_sub=no
ac_cv_func_mpfr_z_div=no
ac_cv_func_mpfr_z_sub=yes
ac_cv_header_dlfcn_h=yes
ac_cv_header_float_h=yes
ac_cv_header_inttypes_h=yes
ac_cv_header_limits_h=yes
ac_cv_header_minix_config_h=no
ac_cv_header_stdarg_h=yes
ac_cv_header_stdint_h=yes
ac_cv_header_stdio_h=yes
ac_cv_header_stdlib_h=yes
ac_cv_header_string_h=yes
ac_cv_header_strings_h=yes
ac_cv_header_sys_stat_h=yes
ac_cv_header_sys_time_h=yes
ac_cv_header_sys_types_h=yes
ac_cv_header_unistd_h=yes
ac_cv_header_wchar_h=yes
ac_cv_host=x86_64-pc-linux-gnu
ac_cv_lib_gmp___gmpz_init=yes
ac_cv_lib_mpfr_mpfr_init=yes
ac_cv_objext=o
ac_cv_path_EGREP='/usr/bin/grep -E'
ac_cv_path_FGREP='/usr/bin/grep -F'
ac_cv_path_GREP=/usr/bin/grep
ac_cv_path_SED=/usr/bin/sed
ac_cv_path_install='/usr/bin/install -c'
ac_cv_path_lt_DD=/usr/bin/dd
ac_cv_path_mkdir=/usr/bin/mkdir
ac_cv_prog_AWK=gawk
ac_cv_prog_CPP='gcc -std=gnu11 -E'
ac_cv_prog_ac_ct_AR=ar
ac_cv_prog_ac_ct_CC=gcc
ac_cv_prog_ac_ct_OBJDUMP=objdump
ac_cv_prog_ac_ct_RANLIB=ranlib
ac_cv_prog_ac_ct_STRIP=strip
ac_cv_prog_cc_c11=-std=gnu11
ac_cv_prog_cc_g=yes
ac_cv_prog_cc_stdc=-std=gnu11
ac_cv_prog_make_make_set=yes
ac_cv_safe_to_define___extensions__=yes
ac_cv_should_define__xopen_source=no
ac_cv_type_size_t=yes
am_cv_CC_dependencies_compiler_type=gcc3
am_cv_ar_interface=ar
am_cv_make_support_nested_variables=yes
am_cv_prog_cc_c_o=yes
lt_cv_ar_at_file=@
lt_cv_archive_cmds_need_lc=no
lt_cv_deplibs_check_method=pass_all
lt_cv_file_magic_cmd='$MAGIC_CMD'
lt_cv_file_magic_test_file=
lt_cv_ld_reload_flag=-r
lt_cv_nm_interface='BSD nm'
lt_cv_objdir=.libs
lt_cv_path_LD=/usr/bin/ld
lt_cv_path_NM='/usr/bin/nm -B'
lt_cv_path_mainfest_tool=no
lt_cv_prog_compiler_c_o=yes
lt_cv_prog_compiler_pic='-fPIC -DPIC'
lt_cv_prog_compiler_pic_works=yes
lt_cv_prog_compiler_rtti_exceptions=no
lt_cv_prog_compiler_static_works=yes
lt_cv_prog_gnu_ld=yes
lt_cv_sharedlib_from_linklib_cmd='printf %s\n'
lt_cv_shlibpath_overrides_runpath=no
lt_cv_sys_global_symbol_pipe='sed -n -e '\''s/^.*[	 ]\([ABCDGIRSTW][ABCDGIRSTW]*\)[	 ][	 ]*\([_A-Za-z][_A-Za-z0-9]*\)$/\1 \2 \2/p'\'' | sed '\''/ __gnu_lto/d'\'''
lt_cv_sys_global_symbol_to_c_name_address='sed -n -e '\''s/^: \(.*\) .*$/  {"\1", (void *) 0},/p'\'' -e '\''s/^[ABCDGIRSTW][ABCDGIRSTW]* .* \(.*\)$/  {"\1", (void *) \&\1},/p'\'''
lt_cv_sys_global_symbol_to_c_name_address_lib_prefix='sed -n -e '\''s/^: \(.*\) .*$/  {"\1", (void *) 0},/p'\'' -e '\''s/^[ABCDGIRSTW][ABCDGIRSTW]* .* \(lib.*\)$/  {"\1", (void *) \&\1},/p'\'' -e '\''s/^[ABCDGIRSTW][ABCDGIRSTW]* .* \(.*\)$/  {"lib\1", (void *) \&\1},/p'\'''
lt_cv_sys_global_symbol_to_cdecl='sed -n -e '\''s/^T .* \(.*\)$/extern int \1();/p'\'' -e '\''s/^[ABCDGIRSTW][ABCDGIRSTW]* .* \(.*\)$/extern char \1;/p'\'''
lt_cv_sys_global_symbol_to_import=
lt_cv_sys_max_cmd_len=1572864
lt_cv_to_host_file_cmd=func_convert_file_noop
lt_cv_to_tool_file_cmd=func_convert_file_noop
lt_cv_truncate_bin='/usr/bin/dd bs=4096 count=1'

## ----------------- ##
## Output variables. ##
## ----------------- ##

ACLOCAL='${SHELL} '\''/afs/ece.cmu.edu/usr/zhexic/Private/FFT_Mult/trinumber/mpfi-1.5.4/missing'\'' aclocal-1.16'
AMDEPBACKSLASH='\'
AMDEP_FALSE='#'
AMDEP_TRUE=''
AMTAR='$${TAR-tar}'
AM_BACKSLASH='\'
AM_DEFAULT_V='$(AM_DEFAULT_VERBOSITY)'
AM_DEFAULT_VERBOSITY='1'
AM_V='$(V)'
AR='ar'
AUTOCONF='${SHELL} '\''/afs/ece.cmu.edu/usr/zhexic/Private/FFT_Mult/trinumber/mpfi-1.5.4/missing'\'' autoconf'
AUTOHEADER='${SHELL} '\''/afs/ece.cmu.edu/usr/zhexic/Private/FFT_Mult/trinumber/mpfi-1.5.4/missing'\'' autoheader'
AUTOMAKE='${SHELL} '\''/afs/ece.cmu.edu/usr/zhexic/Private/FFT_Mult/trinumber/mpfi-1.5.4/missing'\'' automake-1.16'
AWK='gawk'
CC='gcc -std=gnu11'
CCDEPMODE='depmode=gcc3'
CFLAGS='-g -O2'
CPP='gcc -std=gnu11 -E'
CPPFLAGS='-I/afs/ece.cmu.edu/usr/zhexic/Private/FFT_Mult/include '
CSCOPE='cscope'
CTAGS='ctags'
CYGPATH_W='echo'
DEFS='-DHAVE_CONFIG_H'
DEPDIR='.deps'
DLLTOOL='false'
DSYMUTIL=''
DUMPBIN=''
ECHO_C=''
ECHO_N='-n'
ECHO_T=''
EGREP='/usr/bin/grep -E'
ETAGS='etags'
EXEEXT=''
FGREP='/usr/bin/grep -F'
GREP='/usr/bin/grep'
INSTALL_DATA='${INSTALL} -m 644'
INSTALL_PROGRAM='${INSTALL}'
INSTALL_SCRIPT='${INSTALL}'
INSTALL_STRIP_PROGRAM='$(install_sh) -c -s'
LD='/usr/bin/ld -m elf_x86_64'
LDFLAGS='-L/afs/ece.cmu.edu/usr/zhexic/Private/FFT_Mult/lib '
LIBOBJS=''
LIBS='-lmpfr -lgmp '
LIBTOOL='$(SHELL) $(top_builddir)/libtool'
LIPO=''
LN_S='ln -s'
LTLIBOBJS=''
LT_SYS_LIBRARY_PATH=''
MAINT=''
MAINTAINER_MODE_FALSE='#'
MAINTAINER_MODE_TRUE=''
MAKEINFO='${SHELL} '\''/afs/ece.cmu.edu/usr/zhexic/Private/FFT_Mult/trinumber/mpfi-1.5.4/missing'\'' makeinfo'
MANIFEST_TOOL=':'
MKDIR_P='/usr/bin/mkdir -p'
NM='/usr/bin/nm -B'
NMEDIT=''
OBJDUMP='objdump'
OBJEXT='o'
OTOOL64=''
OTOOL=''
PACKAGE='mpfi'
PACKAGE_BUGREPORT='mpfi-users@inria.fr'
PACKAGE_NAME='mpfi'
PACKAGE_STRING='mpfi 1.5.4'
PACKAGE_TARNAME='mpfi'
PACKAGE_URL='https://gitlab.inria.fr/mpfi/mpfi/'
PACKAGE_VERSION='1.5.4'
PATH_SEPARATOR=':'
RANLIB='ranlib'
SED='/usr/bin/sed'
SET_MAKE=''
SHELL='/bin/sh'
STRIP='strip'
VERSION='1.5.4'
ac_ct_AR='ar'
ac_ct_CC='gcc'
ac_ct_DUMPBIN=''
am__EXEEXT_FALSE=''
am__EXEEXT_TRUE='#'
am__fastdepCC_FALSE='#'
am__fastdepCC_TRUE=''
am__include='include'
am__isrc=''
am__leading_dot='.'
am__nodep='_no'
am__quote=''
am__tar='$${TAR-tar} chof - "$$tardir"'
am__untar='$${TAR-tar} xf -'
bindir='${exec_prefix}/bin'
build='x86_64-pc-linux-gnu'
build_alias=''
build_cpu='x86_64'
build_os='linux-gnu'
build_vendor='pc'
datadir='${datarootdir}'
datarootdir='${prefix}/share'
docdir='${datarootdir}/doc/${PACKAGE_TARNAME}'
dvidir='${docdir}'
exec_prefix='${prefix}'
host='x86_64-pc-linux-gnu'
host_alias=''
host_cpu='x86_64'
host_os='linux-gnu'
host_vendor='pc'
htmldir='${docdir}'
includedir='${prefix}/include'
infodir='${datarootdir}/info'
install_sh='${SHELL} /afs/ece.cmu.edu/usr/zhexic/Private/FFT_Mult/trinumber/mpfi-1.5.4/install-sh'
libdir='${exec_prefix}/lib'
libexecdir='${exec_prefix}/libexec'
localedir='${datarootdir}/locale'
localstatedir='${prefix}/var'
mandir='${datarootdir}/man'
mkdir_p='$(MKDIR_P)'
oldincludedir='/usr/include'
pdfdir='${docdir}'
prefix='/afs/ece.cmu.edu/usr/zhexic/Private/FFT_Mult'
program_transform_name='s,x,x,'
psdir='${docdir}'
runstatedir='${localstatedir}/run'
sbindir='${exec_prefix}/sbin'
sharedstatedir='${prefix}/com'
sysconfdir='${prefix}/etc'
target_alias=''

## ----------- ##
## confdefs.h. ##
## ----------- ##

/* confdefs.h */
#define PACKAGE_NAME "mpfi"
#define PACKAGE_TARNAME "mpfi"
#define PACKAGE_VERSION "1.5.4"
#define PACKAGE_STRING "mpfi 1.5.4"
#define PACKAGE_BUGREPORT "mpfi-users@inria.fr"
#define PACKAGE_URL "https://gitlab.inria.fr/mpfi/mpfi/"
#define HAVE_STDIO_H 1
#define HAVE_STDLIB_H 1
#define HAVE_STRING_H 1
#define HAVE_INTTYPES_H 1
#define HAVE_STDINT_H 1
#define HAVE_STRINGS_H 1
#define HAVE_SYS_STAT_H 1
#define HAVE_SYS_TYPES_H 1
#define HAVE_UNISTD_H 1
#define HAVE_WCHAR_H 1
#define STDC_HEADERS 1
#define _ALL_SOURCE 1
#define _DARWIN_C_SOURCE 1
#define _GNU_SOURCE 1
#define _HPUX_ALT_XOPEN_SOCKET_API 1
#define _NETBSD_SOURCE 1
#define _OPENBSD_SOURCE 1
#define _POSIX_PTHREAD_SEMANTICS 1
#define __STDC_WANT_IEC_60559_ATTRIBS_EXT__ 1
#define __STDC_WANT_IEC_60559_BFP_EXT__ 1
#define __STDC_WANT_IEC_60559_DFP_EXT__ 1
#define __STDC_WANT_IEC_60559_FUNCS_EXT__ 1
#define __STDC_WANT_IEC_60559_TYPES_EXT__ 1
#define __STDC_WANT_LIB_EXT2__ 1
#define __STDC_WANT_MATH_SPEC_FUNCS__ 1
#define _TANDEM_SOURCE 1
#define __EXTENSIONS__ 1
#define HAVE_DLFCN_H 1
#define LT_OBJDIR ".libs/"
#define HAVE_FLOAT_H 1
#define HAVE_LIMITS_H 1
#define HAVE_STDLIB_H 1
#define HAVE_STRING_H 1
#define HAVE_SYS_TIME_H 1
#define HAVE_UNISTD_H 1
#define HAVE_STDARG 1
#define HAVE_DUP2 1
#define HAVE_GETTIMEOFDAY 1
#define HAVE_MPFR_Z_SUB 1

configure: exit 0
